0 info it worked if it ends with ok
1 verbose cli [ '/Users/imamudin.naseem/.nvm/versions/node/v6.0.0/bin/node',
1 verbose cli   '/Users/imamudin.naseem/.nvm/versions/node/v6.0.0/bin/npm',
1 verbose cli   'publish' ]
2 info using npm@3.8.6
3 info using node@v6.0.0
4 verbose publish [ '.' ]
5 silly cache add args [ '.', null ]
6 verbose cache add spec .
7 silly cache add parsed spec Result {
7 silly cache add   raw: '.',
7 silly cache add   scope: null,
7 silly cache add   name: null,
7 silly cache add   rawSpec: '.',
7 silly cache add   spec: '/Users/imamudin.naseem/projects/vp-notifier',
7 silly cache add   type: 'directory' }
8 verbose addLocalDirectory /Users/imamudin.naseem/.npm/vp-notifier/1.0.1/package.tgz not in flight; packing
9 verbose correctMkdir /Users/imamudin.naseem/.npm correctMkdir not in flight; initializing
10 info lifecycle vp-notifier@1.0.1~prepublish: vp-notifier@1.0.1
11 silly lifecycle vp-notifier@1.0.1~prepublish: no script for prepublish, continuing
12 verbose tar pack [ '/Users/imamudin.naseem/.npm/vp-notifier/1.0.1/package.tgz',
12 verbose tar pack   '/Users/imamudin.naseem/projects/vp-notifier' ]
13 verbose tarball /Users/imamudin.naseem/.npm/vp-notifier/1.0.1/package.tgz
14 verbose folder /Users/imamudin.naseem/projects/vp-notifier
15 verbose addLocalTarball adding from inside cache /Users/imamudin.naseem/.npm/vp-notifier/1.0.1/package.tgz
16 verbose correctMkdir /Users/imamudin.naseem/.npm correctMkdir not in flight; initializing
17 silly cache afterAdd vp-notifier@1.0.1
18 verbose afterAdd /Users/imamudin.naseem/.npm/vp-notifier/1.0.1/package/package.json not in flight; writing
19 verbose correctMkdir /Users/imamudin.naseem/.npm correctMkdir not in flight; initializing
20 verbose afterAdd /Users/imamudin.naseem/.npm/vp-notifier/1.0.1/package/package.json written
21 silly publish { name: 'vp-notifier',
21 silly publish   version: '1.0.1',
21 silly publish   description: 'web component that dispatches an event when its enters viewport',
21 silly publish   keywords:
21 silly publish    [ 'intersection',
21 silly publish      'viewport',
21 silly publish      'lazy',
21 silly publish      'vp-notifier',
21 silly publish      'web-components' ],
21 silly publish   main: 'index.js',
21 silly publish   scripts: { test: 'echo "Error: no test specified" && exit 1' },
21 silly publish   repository:
21 silly publish    { type: 'git',
21 silly publish      url: 'git+https://github.com/minaseem/vp-notifier.git' },
21 silly publish   author: { name: 'Imamudin Naseem', email: 'naseem1992@gmail.com' },
21 silly publish   license: 'ISC',
21 silly publish   readme: '# vp-notifier',
21 silly publish   readmeFilename: 'README.md',
21 silly publish   gitHead: 'b2a6fa2480890c76f012de69b5b83f1b3040b2e8',
21 silly publish   bugs: { url: 'https://github.com/minaseem/vp-notifier/issues' },
21 silly publish   homepage: 'https://github.com/minaseem/vp-notifier#readme',
21 silly publish   _id: 'vp-notifier@1.0.1',
21 silly publish   _shasum: '183507df117ff777dee6d279d10f6a857d011603',
21 silly publish   _from: '.' }
22 verbose getPublishConfig undefined
23 silly mapToRegistry name vp-notifier
24 silly mapToRegistry using default registry
25 silly mapToRegistry registry https://registry.npmjs.org/
26 silly mapToRegistry data Result {
26 silly mapToRegistry   raw: 'vp-notifier',
26 silly mapToRegistry   scope: null,
26 silly mapToRegistry   name: 'vp-notifier',
26 silly mapToRegistry   rawSpec: '',
26 silly mapToRegistry   spec: 'latest',
26 silly mapToRegistry   type: 'tag' }
27 silly mapToRegistry uri https://registry.npmjs.org/vp-notifier
28 verbose publish registryBase https://registry.npmjs.org/
29 silly publish uploading /Users/imamudin.naseem/.npm/vp-notifier/1.0.1/package.tgz
30 verbose request uri https://registry.npmjs.org/vp-notifier
31 verbose request sending authorization for write operation
32 info attempt registry request try #1 at 2:01:02 AM
33 verbose request using bearer token for auth
34 verbose request id f5311ce2979d308a
35 http request PUT https://registry.npmjs.org/vp-notifier
36 http 403 https://registry.npmjs.org/vp-notifier
37 verbose headers { 'content-type': 'application/json',
37 verbose headers   'cache-control': 'max-age=300',
37 verbose headers   'content-length': '105',
37 verbose headers   'accept-ranges': 'bytes',
37 verbose headers   date: 'Thu, 01 Sep 2016 20:31:05 GMT',
37 verbose headers   via: '1.1 varnish',
37 verbose headers   connection: 'keep-alive',
37 verbose headers   'x-served-by': 'cache-sin6924-SIN',
37 verbose headers   'x-cache': 'MISS',
37 verbose headers   'x-cache-hits': '0',
37 verbose headers   'x-timer': 'S1472761864.319519,VS0,VE866',
37 verbose headers   vary: 'Accept-Encoding' }
38 verbose request invalidating /Users/imamudin.naseem/.npm/registry.npmjs.org/vp-notifier on PUT
39 error publish Failed PUT 403
40 verbose stack Error: you do not have permission to publish "vp-notifier". Are you logged in as the correct user? : vp-notifier
40 verbose stack     at makeError (/Users/imamudin.naseem/.nvm/versions/node/v6.0.0/lib/node_modules/npm/node_modules/npm-registry-client/lib/request.js:264:12)
40 verbose stack     at CachingRegistryClient.<anonymous> (/Users/imamudin.naseem/.nvm/versions/node/v6.0.0/lib/node_modules/npm/node_modules/npm-registry-client/lib/request.js:252:14)
40 verbose stack     at Request._callback (/Users/imamudin.naseem/.nvm/versions/node/v6.0.0/lib/node_modules/npm/node_modules/npm-registry-client/lib/request.js:172:14)
40 verbose stack     at Request.self.callback (/Users/imamudin.naseem/.nvm/versions/node/v6.0.0/lib/node_modules/npm/node_modules/request/request.js:199:22)
40 verbose stack     at emitTwo (events.js:106:13)
40 verbose stack     at Request.emit (events.js:191:7)
40 verbose stack     at Request.<anonymous> (/Users/imamudin.naseem/.nvm/versions/node/v6.0.0/lib/node_modules/npm/node_modules/request/request.js:1036:10)
40 verbose stack     at emitOne (events.js:101:20)
40 verbose stack     at Request.emit (events.js:188:7)
40 verbose stack     at IncomingMessage.<anonymous> (/Users/imamudin.naseem/.nvm/versions/node/v6.0.0/lib/node_modules/npm/node_modules/request/request.js:963:12)
41 verbose statusCode 403
42 verbose pkgid vp-notifier
43 verbose cwd /Users/imamudin.naseem/projects/vp-notifier
44 error Darwin 15.4.0
45 error argv "/Users/imamudin.naseem/.nvm/versions/node/v6.0.0/bin/node" "/Users/imamudin.naseem/.nvm/versions/node/v6.0.0/bin/npm" "publish"
46 error node v6.0.0
47 error npm  v3.8.6
48 error code E403
49 error you do not have permission to publish "vp-notifier". Are you logged in as the correct user? : vp-notifier
50 error If you need help, you may report this error at:
50 error     <https://github.com/npm/npm/issues>
51 verbose exit [ 1, true ]
